<?xml version="1.0" encoding="UTF-8"?>
<!-- Generated by org.testng.reporters.JUnitXMLReporter -->
<testsuite hostname="DESKTOP-EEDVSBV" ignored="1" name="Test" tests="2" failures="0" timestamp="15 Jan 2020 18:07:33 GMT" time="234.615" errors="0">
  <testcase name="runapp" time="59.406" classname="testscripts.Script1"/>
  <testcase name="script2" time="128.684" classname="testscripts.Testscript2"/>
  <testcase name="@BeforeSuite setpath" time="0.0" classname="generic.Basetest">
    <ignored/>
  </testcase> <!-- @BeforeSuite setpath -->
</testsuite> <!-- Test -->
